<?xml version="1.0" encoding="UTF-8"?>
<!-- Generated by org.testng.reporters.JUnitXMLReporter -->
<testsuite ignored="0" hostname="DESKTOP-HFK8588" failures="0" tests="3" name="Test" time="92.118" errors="0" timestamp="09 May 2023 06:31:20 GMT">
  <testcase classname="testCasesForAmezon.Test2" name="Testcae2" time="49.277"/>
  <testcase classname="testCasesForAmezon.Test1" name="Testcase1" time="51.209"/>
  <testcase classname="testCasesForAmezon.Test3" name="Testcase3" time="42.785"/>
</testsuite> <!-- Test -->
