<?xml version="1.0" encoding="UTF-8"?>
<testng-results ignored="0" total="1" passed="1" failed="0" skipped="0">
  <reporter-output>
  </reporter-output>
  <suite started-at="2023-06-16T05:10:26Z" name="Default suite" finished-at="2023-06-16T05:11:32Z" duration-ms="65969">
    <groups>
    </groups>
    <test started-at="2023-06-16T05:10:26Z" name="Default test" finished-at="2023-06-16T05:11:32Z" duration-ms="65969">
      <class name="SeleniumConcepts.FacebookLogin">
        <test-method signature="Demo_Login()[pri:0, instance:SeleniumConcepts.FacebookLogin@41294f8]" started-at="2023-06-16T05:10:26Z" name="Demo_Login" finished-at="2023-06-16T05:11:32Z" duration-ms="65892" status="PASS">
          <reporter-output>
          </reporter-output>
        </test-method> <!-- Demo_Login -->
      </class> <!-- SeleniumConcepts.FacebookLogin -->
    </test> <!-- Default test -->
  </suite> <!-- Default suite -->
</testng-results>
